Debugger attached.
[33m[nodemon] 1.17.5[39m
[33m[nodemon] to restart at any time, enter `rs`[39m
[33m[nodemon] watching: *.*[39m
[32m[nodemon] starting `node bin/www`[39m
Debugger attached.
DB connection successful
Error: ER_DUP_ENTRY: Duplicate entry 'flash2@gmaill.com' for key 'users.email'
    at Query.Sequence._packetToError (/Users/aakash/Desktop/web-services-training/day-8/backend/node_modules/mysql/lib/protocol/sequences/Sequence.js:47:14)
    at Query.ErrorPacket (/Users/aakash/Desktop/web-services-training/day-8/backend/node_modules/mysql/lib/protocol/sequences/Query.js:79:18)
    at Protocol._parsePacket (/Users/aakash/Desktop/web-services-training/day-8/backend/node_modules/mysql/lib/protocol/Protocol.js:291:23)
    at Parser._parsePacket (/Users/aakash/Desktop/web-services-training/day-8/backend/node_modules/mysql/lib/protocol/Parser.js:433:10)
    at Parser.write (/Users/aakash/Desktop/web-services-training/day-8/backend/node_modules/mysql/lib/protocol/Parser.js:43:10)
    at Protocol.write (/Users/aakash/Desktop/web-services-training/day-8/backend/node_modules/mysql/lib/protocol/Protocol.js:38:16)
    at Socket.<anonymous> (/Users/aakash/Desktop/web-services-training/day-8/backend/node_modules/mysql/lib/Connection.js:88:28)
    at Socket.<anonymous> (/Users/aakash/Desktop/web-services-training/day-8/backend/node_modules/mysql/lib/Connection.js:526:10)
    at Socket.emit (events.js:315:20)
    at addChunk (_stream_readable.js:297:12)
    --------------------
    at Protocol._enqueue (/Users/aakash/Desktop/web-services-training/day-8/backend/node_modules/mysql/lib/protocol/Protocol.js:144:48)
    at Connection.query (/Users/aakash/Desktop/web-services-training/day-8/backend/node_modules/mysql/lib/Connection.js:198:25)
    at /Users/aakash/Desktop/web-services-training/day-8/backend/routes/users.js:17:7
    at Layer.handle [as handle_request] (/Users/aakash/Desktop/web-services-training/day-8/backend/node_modules/express/lib/router/layer.js:95:5)
    at next (/Users/aakash/Desktop/web-services-training/day-8/backend/node_modules/express/lib/router/route.js:137:13)
    at expressJoiValidator (/Users/aakash/Desktop/web-services-training/day-8/backend/node_modules/express-joi-validation/express-joi-validation.js:82:11)
    at Layer.handle [as handle_request] (/Users/aakash/Desktop/web-services-training/day-8/backend/node_modules/express/lib/router/layer.js:95:5)
    at next (/Users/aakash/Desktop/web-services-training/day-8/backend/node_modules/express/lib/router/route.js:137:13)
    at Route.dispatch (/Users/aakash/Desktop/web-services-training/day-8/backend/node_modules/express/lib/router/route.js:112:3)
    at Layer.handle [as handle_request] (/Users/aakash/Desktop/web-services-training/day-8/backend/node_modules/express/lib/router/layer.js:95:5) {
  code: 'ER_DUP_ENTRY',
  errno: 1062,
  sqlMessage: "Duplicate entry 'flash2@gmaill.com' for key 'users.email'",
  sqlState: '23000',
  index: 0,
  sql: "INSERT into users SET `email` = 'flash2@gmaill.com', `name` = 'Flash 2', `age` = 22, `password` = 'chocolate'"
}
[0mPOST /users [31m500 [0m37.189 ms - 116[0m
Waiting for the debugger to disconnect...
